[2013-02-01 16:48:46] START
[2013-02-01 16:49:05] CREATE index.py: 0
[2013-02-01 16:50:35] EDIT CygnusCloud/controllers/index.py: 2
[2013-02-01 16:51:01] CREATE index.hmtl: 0
[2013-02-01 16:51:14] EDIT CygnusCloud/views/index.hmtl: 7
[2013-02-01 16:52:11] EDIT CygnusCloud/models/db.py: -7
[2013-02-01 16:59:52] EDIT CygnusCloud/controllers/default.py: 5
[2013-02-01 17:00:38] CREATE default/hijo/disp.html: 0
[2013-02-01 17:00:55] EDIT CygnusCloud/views/default/hijo/disp.html: 0
[2013-02-01 17:01:27] EDIT CygnusCloud/controllers/default.py: 0
[2013-02-01 17:01:51] EDIT CygnusCloud/controllers/default.py: 0
[2013-02-01 17:03:07] EDIT CygnusCloud/controllers/default.py: 2
[2013-02-01 17:03:14] EDIT CygnusCloud/controllers/default.py: -1
[2013-02-01 17:03:56] EDIT CygnusCloud/controllers/default.py: 0
[2013-02-01 17:04:16] EDIT CygnusCloud/controllers/default.py: 0
[2013-02-01 17:04:47] EDIT CygnusCloud/controllers/default.py: -1
[2013-02-01 17:07:08] DELETE CygnusCloud/controllers/index.py: -3
[2013-02-01 17:11:28] CREATE hijo.py: 0
[2013-02-01 17:12:23] EDIT CygnusCloud/controllers/hijo.py: 1
[2013-02-01 17:14:42] EDIT CygnusCloud/controllers/default.py: 0
[2013-02-01 17:15:33] EDIT CygnusCloud/controllers/default.py: -2
[2013-02-01 17:27:52] DELETE CygnusCloud/controllers/hijo.py: -2
[2013-02-01 17:28:16] EDIT CygnusCloud/controllers/default.py: 1
[2013-02-01 17:30:07] EDIT CygnusCloud/controllers/default.py: -3
[2013-02-01 17:30:15] CREATE hijo.py: 0
[2013-02-01 17:30:30] EDIT CygnusCloud/controllers/hijo.py: 1
[2013-02-01 17:31:04] EDIT CygnusCloud/controllers/default.py: 0
[2013-02-01 17:31:36] DELETE CygnusCloud/views/default/hijo/disp.html: -3
[2013-02-01 17:31:45] CREATE hijo/disp.html: 0
[2013-02-01 17:31:51] EDIT CygnusCloud/views/hijo/disp.html: 0
[2013-02-01 18:00:55] EDIT CygnusCloud/controllers/default.py: 3
[2013-02-01 18:01:32] EDIT CygnusCloud/controllers/default.py: 0
[2013-02-01 18:02:04] CREATE default/hijo/disp.html: 0
[2013-02-01 18:02:13] EDIT CygnusCloud/views/default/hijo/disp.html: 0
[2013-02-04 11:00:44] DELETE CygnusCloud/controllers/hijo.py: -2
[2013-02-04 11:00:51] DELETE CygnusCloud/controllers/default.py: -58
[2013-02-04 11:01:01] CREATE main.py: 0
[2013-02-04 11:26:47] EDIT CygnusCloud/controllers/main.py: 11
[2013-02-04 11:27:07] EDIT CygnusCloud/controllers/main.py: 0
[2013-02-04 11:27:46] EDIT CygnusCloud/controllers/main.py: 0
[2013-02-04 11:28:07] CREATE main/login.html: 0
[2013-02-04 11:28:18] EDIT CygnusCloud/views/main/login.html: 1
[2013-02-04 11:33:32] DELETE CygnusCloud/views/default/hijo/disp.html: -3
[2013-02-04 11:33:52] EDIT CygnusCloud/views/main/login.html: -1
[2013-02-04 11:34:27] EDIT CygnusCloud/models/menu.py: 2
[2013-02-04 11:35:49] EDIT CygnusCloud/models/menu.py: 1
[2013-02-04 11:35:53] EDIT CygnusCloud/models/menu.py: 0
[2013-02-04 11:46:37] EDIT CygnusCloud/models/menu.py: 0
[2013-02-04 11:46:55] EDIT CygnusCloud/models/menu.py: 0
[2013-02-04 11:49:48] EDIT CygnusCloud/models/menu.py: -3
[2013-02-04 11:50:02] EDIT CygnusCloud/views/main/login.html: 1
[2013-02-04 11:51:52] EDIT CygnusCloud/views/main/login.html: 0
[2013-02-04 11:52:13] EDIT CygnusCloud/views/main/login.html: 0
[2013-02-04 11:53:22] DELETE CygnusCloud/static/plugin_multitranslate/style.css: -1
[2013-02-04 11:53:26] DELETE CygnusCloud/static/plugin_multitranslate/license.txt: -544
[2013-02-04 11:53:30] DELETE CygnusCloud/static/plugin_multitranslate/about.txt: -30
[2013-02-04 11:53:37] DELETE CygnusCloud/models/plugin_multitranslate.py: -47
[2013-02-04 11:53:41] DELETE CygnusCloud/controllers/plugin_multitranslate.py: -276
[2013-02-04 11:53:44] DELETE CygnusCloud/views/plugin_multitranslate/edit_translation.html: -28
[2013-02-04 11:53:46] DELETE CygnusCloud/views/plugin_multitranslate/join.html: -5
[2013-02-04 11:53:49] DELETE CygnusCloud/views/plugin_multitranslate/manage.html: -32
[2013-02-04 11:53:51] DELETE CygnusCloud/views/plugin_multitranslate/result.html: -2
[2013-02-04 11:53:55] DELETE CygnusCloud/views/plugin_multitranslate/translator_panel.html: -14
[2013-02-04 11:55:19] EDIT CygnusCloud/models/menu.py: 0
[2013-02-04 11:55:46] EDIT CygnusCloud/views/main/login.html: 0
[2013-02-04 11:59:28] EDIT CygnusCloud/views/main/login.html: -1
[2013-02-04 12:00:07] EDIT CygnusCloud/models/menu.py: 2
[2013-02-04 12:01:32] DELETE CygnusCloud/views/hijo/disp.html: -3
[2013-02-04 12:01:54] EDIT CygnusCloud/models/menu.py: 1
[2013-02-04 12:02:04] EDIT CygnusCloud/models/menu.py: 0
[2013-02-04 12:10:01] EDIT CygnusCloud/views/layout.html: 2
[2013-02-04 12:10:24] EDIT CygnusCloud/models/menu.py: -3
[2013-02-04 12:14:47] EDIT CygnusCloud/views/layout.html: 0
[2013-02-04 12:16:32] EDIT CygnusCloud/models/menu.py: -101
[2013-02-04 12:16:38] EDIT CygnusCloud/models/menu.py: 0
[2013-02-04 12:17:01] EDIT CygnusCloud/models/menu.py: 0
[2013-02-04 12:18:59] EDIT CygnusCloud/views/main/login.html: 1
[2013-02-04 12:19:22] EDIT CygnusCloud/views/main/login.html: -1
[2013-02-04 12:20:09] EDIT CygnusCloud/controllers/main.py: 0
[2013-02-04 12:35:05] EDIT CygnusCloud/controllers/main.py: 0
[2013-02-04 12:35:47] EDIT CygnusCloud/controllers/main.py: 0
[2013-02-04 13:02:52] EDIT CygnusCloud/controllers/main.py: 4
[2013-02-04 13:05:08] EDIT CygnusCloud/controllers/main.py: 0
[2013-02-04 13:05:56] EDIT CygnusCloud/controllers/main.py: 0
[2013-02-04 13:06:11] EDIT CygnusCloud/controllers/main.py: 0
[2013-02-04 13:09:32] EDIT CygnusCloud/controllers/main.py: 2
[2013-02-04 13:13:33] EDIT CygnusCloud/controllers/main.py: 0
[2013-02-04 13:13:52] EDIT CygnusCloud/controllers/main.py: 1
[2013-02-04 13:16:09] EDIT CygnusCloud/controllers/main.py: 1
[2013-02-04 13:16:26] EDIT CygnusCloud/controllers/main.py: 0
[2013-02-04 13:17:22] EDIT CygnusCloud/controllers/main.py: -2
[2013-02-04 13:17:54] EDIT CygnusCloud/controllers/main.py: 0
[2013-02-04 13:22:52] EDIT CygnusCloud/models/plugin_translate.py: 0
[2013-02-04 13:26:01] EDIT CygnusCloud/models/plugin_translate.py: -1
[2013-02-04 13:26:41] EDIT CygnusCloud/models/plugin_translate.py: 0
[2013-02-04 13:26:53] EDIT CygnusCloud/models/plugin_translate.py: 0
[2013-02-04 13:27:25] EDIT CygnusCloud/models/plugin_translate.py: 0
[2013-02-04 13:27:26] EDIT CygnusCloud/models/plugin_translate.py: 0
[2013-02-04 13:27:26] EDIT CygnusCloud/models/plugin_translate.py: 0
[2013-02-04 13:27:26] EDIT CygnusCloud/models/plugin_translate.py: 0
[2013-02-04 13:27:40] EDIT CygnusCloud/models/plugin_translate.py: -1
[2013-02-04 13:27:58] EDIT CygnusCloud/models/plugin_translate.py: 0
[2013-02-04 13:42:28] EDIT CygnusCloud/models/plugin_translate.py: -2
[2013-02-04 13:43:24] EDIT CygnusCloud/models/plugin_translate.py: 0
[2013-02-04 13:47:26] EDIT CygnusCloud/models/plugin_translate.py: 2
[2013-02-04 13:57:41] EDIT CygnusCloud/views/layout.html: 0
[2013-02-04 13:57:43] EDIT CygnusCloud/views/layout.html: 0
[2013-02-04 13:58:07] EDIT CygnusCloud/views/layout.html: 0
[2013-02-04 14:00:10] EDIT CygnusCloud/models/plugin_translate.py: 0
[2013-02-04 14:00:27] EDIT CygnusCloud/models/plugin_translate.py: 0
[2013-02-04 14:01:20] EDIT CygnusCloud/models/plugin_translate.py: 0
[2013-02-04 14:02:40] EDIT CygnusCloud/models/plugin_translate.py: 1
[2013-02-04 14:02:52] EDIT CygnusCloud/models/plugin_translate.py: 0
[2013-02-04 14:05:13] EDIT CygnusCloud/views/layout.html: 0
[2013-02-04 14:05:44] EDIT CygnusCloud/views/layout.html: 1
[2013-02-04 14:07:08] EDIT CygnusCloud/views/layout.html: 17
[2013-02-04 14:08:01] EDIT CygnusCloud/views/layout.html: -10
[2013-02-04 14:09:20] EDIT CygnusCloud/views/layout.html: -2
[2013-02-04 14:09:50] EDIT CygnusCloud/views/layout.html: 0
[2013-02-04 14:10:02] EDIT CygnusCloud/views/layout.html: 0
[2013-02-04 14:10:17] EDIT CygnusCloud/views/layout.html: 2
[2013-02-04 14:10:29] EDIT CygnusCloud/views/layout.html: 0
[2013-02-04 14:11:13] EDIT CygnusCloud/views/layout.html: 0
[2013-02-04 14:11:18] EDIT CygnusCloud/views/layout.html: 0
[2013-02-04 14:11:54] EDIT CygnusCloud/views/layout.html: -8
[2013-02-04 14:12:14] EDIT CygnusCloud/views/layout.html: 2
[2013-02-04 14:13:12] EDIT CygnusCloud/views/layout.html: 0
[2013-02-04 14:26:50] EDIT CygnusCloud/models/plugin_translate.py: 1
[2013-02-04 14:27:23] EDIT CygnusCloud/models/plugin_translate.py: 0
[2013-02-04 16:18:48] EDIT CygnusCloud/models/plugin_translate.py: 0
[2013-02-04 16:19:24] EDIT CygnusCloud/models/plugin_translate.py: 0
[2013-02-04 16:20:11] EDIT CygnusCloud/models/plugin_translate.py: 1
[2013-02-04 16:20:58] EDIT CygnusCloud/models/plugin_translate.py: 0
[2013-02-04 16:21:41] EDIT CygnusCloud/models/plugin_translate.py: -1
[2013-02-04 16:21:50] EDIT CygnusCloud/models/plugin_translate.py: 0
[2013-02-04 16:22:28] EDIT CygnusCloud/models/plugin_translate.py: 0
[2013-02-04 16:22:38] EDIT CygnusCloud/models/plugin_translate.py: 0
[2013-02-04 16:22:45] EDIT CygnusCloud/models/plugin_translate.py: 0
[2013-02-04 16:23:03] EDIT CygnusCloud/models/plugin_translate.py: 0
[2013-02-04 16:23:21] EDIT CygnusCloud/models/plugin_translate.py: 1
[2013-02-04 16:24:03] EDIT CygnusCloud/models/plugin_translate.py: -1
[2013-02-04 16:24:50] EDIT CygnusCloud/models/plugin_translate.py: 0
[2013-02-04 16:25:07] EDIT CygnusCloud/models/plugin_translate.py: 0
[2013-02-04 16:25:43] EDIT CygnusCloud/models/plugin_translate.py: 0
[2013-02-04 16:26:08] EDIT CygnusCloud/models/plugin_translate.py: 0
[2013-02-04 16:29:50] EDIT CygnusCloud/models/plugin_translate.py: 0
[2013-02-04 16:30:09] EDIT CygnusCloud/models/plugin_translate.py: 0
[2013-02-04 16:30:25] EDIT CygnusCloud/models/plugin_translate.py: 0
[2013-02-04 16:33:33] EDIT CygnusCloud/models/plugin_translate.py: 0
[2013-02-04 16:34:20] EDIT CygnusCloud/models/plugin_translate.py: -1
[2013-02-04 16:34:41] EDIT CygnusCloud/models/plugin_translate.py: 1
[2013-02-04 16:35:57] EDIT CygnusCloud/models/plugin_translate.py: 0
[2013-02-04 16:36:13] EDIT CygnusCloud/models/plugin_translate.py: 0
[2013-02-04 16:49:23] CREATE translateMenu.py: 0
[2013-02-04 16:49:38] EDIT CygnusCloud/modules/translateMenu.py: 13
[2013-02-04 16:49:41] EDIT CygnusCloud/modules/translateMenu.py: 0
[2013-02-04 16:49:44] EDIT CygnusCloud/modules/translateMenu.py: 0
[2013-02-04 16:59:19] EDIT CygnusCloud/views/layout.html: 0
[2013-02-04 16:59:34] DELETE CygnusCloud/models/plugin_translate.py: -14
[2013-02-04 16:59:36] DELETE CygnusCloud/controllers/plugin_translate.py: -2
[2013-02-04 16:59:40] DELETE CygnusCloud/static/plugin_translate/jquery.translate-1.4.3-debug-all.js: -966
[2013-02-04 17:01:16] EDIT CygnusCloud/views/layout.html: 0
[2013-02-04 17:04:19] EDIT CygnusCloud/views/layout.html: 0
[2013-02-04 17:04:50] EDIT CygnusCloud/views/layout.html: 1
[2013-02-04 17:05:17] EDIT CygnusCloud/views/layout.html: 0
[2013-02-04 17:06:17] EDIT CygnusCloud/views/layout.html: 0
[2013-02-04 17:07:10] EDIT CygnusCloud/views/layout.html: 0
[2013-02-04 17:07:44] EDIT CygnusCloud/views/layout.html: 0
[2013-02-04 17:07:53] EDIT CygnusCloud/views/layout.html: 0
[2013-02-04 17:08:06] EDIT CygnusCloud/views/layout.html: 0
[2013-02-04 17:08:21] EDIT CygnusCloud/views/layout.html: -1
[2013-02-04 17:08:45] EDIT CygnusCloud/models/menu.py: 1
[2013-02-04 17:08:47] EDIT CygnusCloud/models/menu.py: 0
[2013-02-04 17:10:03] EDIT CygnusCloud/modules/translateMenu.py: -8
[2013-02-04 17:11:13] DELETE CygnusCloud/modules/translateMenu.py: -6
[2013-02-04 17:11:46] EDIT CygnusCloud/models/plugin_translate.py: 0
[2013-02-04 17:13:39] EDIT CygnusCloud/models/plugin_translate.py: 0
[2013-02-04 17:14:36] EDIT CygnusCloud/models/plugin_translate.py: 0
[2013-02-04 17:17:34] EDIT CygnusCloud/models/plugin_translate.py: 0
[2013-02-04 17:19:35] EDIT CygnusCloud/models/plugin_translate.py: 0
[2013-02-04 17:20:20] EDIT CygnusCloud/models/plugin_translate.py: 0
[2013-02-04 17:23:32] EDIT CygnusCloud/models/plugin_translate.py: 0
[2013-02-04 17:23:41] EDIT CygnusCloud/models/plugin_translate.py: 0
[2013-02-04 17:26:42] EDIT CygnusCloud/models/plugin_translate.py: 0
[2013-02-04 17:27:00] EDIT CygnusCloud/models/plugin_translate.py: 0
[2013-02-04 17:27:15] EDIT CygnusCloud/models/plugin_translate.py: 0
[2013-02-04 17:27:22] EDIT CygnusCloud/models/plugin_translate.py: 0
[2013-02-04 17:27:33] EDIT CygnusCloud/models/plugin_translate.py: 0
[2013-02-04 17:34:46] EDIT CygnusCloud/models/plugin_translate.py: 0
[2013-02-04 17:35:50] EDIT CygnusCloud/models/plugin_translate.py: 0
[2013-02-04 17:37:39] EDIT CygnusCloud/controllers/plugin_translate.py: 4
[2013-02-04 17:37:46] EDIT CygnusCloud/models/plugin_translate.py: -4
[2013-02-04 17:38:36] EDIT CygnusCloud/models/plugin_translate.py: 0
[2013-02-04 17:39:16] EDIT CygnusCloud/models/plugin_translate.py: 0
[2013-02-04 17:39:28] EDIT CygnusCloud/controllers/plugin_translate.py: -1
[2013-02-04 17:39:54] EDIT CygnusCloud/controllers/plugin_translate.py: 0
[2013-02-04 17:41:51] EDIT CygnusCloud/controllers/plugin_translate.py: 0
[2013-02-04 17:42:25] EDIT CygnusCloud/controllers/plugin_translate.py: 0
[2013-02-04 17:43:21] EDIT CygnusCloud/controllers/plugin_translate.py: -1
[2013-02-04 17:45:11] EDIT CygnusCloud/models/plugin_translate.py: 0
[2013-02-04 17:45:17] EDIT CygnusCloud/models/plugin_translate.py: 0
[2013-02-04 17:45:56] EDIT CygnusCloud/models/plugin_translate.py: 0
[2013-02-04 17:46:19] EDIT CygnusCloud/controllers/plugin_translate.py: -2
[2013-02-04 17:46:55] EDIT CygnusCloud/models/plugin_translate.py: 0
[2013-02-04 17:47:28] EDIT CygnusCloud/models/plugin_translate.py: 0
[2013-02-04 17:55:04] EDIT CygnusCloud/models/plugin_translate.py: 0
[2013-02-04 17:55:41] EDIT CygnusCloud/controllers/plugin_translate.py: 3
[2013-02-04 17:56:58] EDIT CygnusCloud/models/plugin_translate.py: 0
[2013-02-04 17:57:38] EDIT CygnusCloud/controllers/plugin_translate.py: 0
[2013-02-04 17:58:18] EDIT CygnusCloud/controllers/plugin_translate.py: 0
[2013-02-04 17:59:01] EDIT CygnusCloud/controllers/plugin_translate.py: 0
[2013-02-04 17:59:25] EDIT CygnusCloud/controllers/plugin_translate.py: 0
[2013-02-04 18:12:02] EDIT CygnusCloud/models/plugin_translate.py: 0
[2013-02-04 18:12:19] EDIT CygnusCloud/models/plugin_translate.py: 0
[2013-02-04 18:12:33] EDIT CygnusCloud/models/plugin_translate.py: 0
[2013-02-04 18:28:00] EDIT CygnusCloud/models/plugin_translate.py: 0
[2013-02-04 18:28:27] UPLOAD /home/adrian/web2py/applications/CygnusCloud/static/spain: 4
[2013-02-04 18:29:03] EDIT CygnusCloud/models/plugin_translate.py: 0
[2013-02-04 18:29:24] EDIT CygnusCloud/views/layout.html: 0
[2013-02-04 18:30:05] EDIT CygnusCloud/models/plugin_translate.py: 0
[2013-02-04 18:30:22] EDIT CygnusCloud/models/plugin_translate.py: 0
[2013-02-04 18:31:38] EDIT CygnusCloud/models/plugin_translate.py: 0
[2013-02-04 18:31:47] EDIT CygnusCloud/models/plugin_translate.py: 0
[2013-02-04 18:37:10] EDIT CygnusCloud/models/plugin_translate.py: 0
[2013-02-04 18:37:39] EDIT CygnusCloud/models/plugin_translate.py: 0
[2013-02-04 18:40:09] EDIT CygnusCloud/controllers/plugin_translate.py: 0
[2013-02-04 18:40:14] EDIT CygnusCloud/controllers/plugin_translate.py: 0
[2013-02-04 18:40:45] EDIT CygnusCloud/models/plugin_translate.py: 0
[2013-02-04 18:41:44] EDIT CygnusCloud/models/plugin_translate.py: 0
[2013-02-04 18:42:12] EDIT CygnusCloud/models/plugin_translate.py: 0
[2013-02-04 18:52:03] EDIT CygnusCloud/models/plugin_translate.py: 2
[2013-02-04 18:52:24] UPLOAD /home/adrian/web2py/applications/CygnusCloud/static/france: 3
[2013-02-04 18:52:37] UPLOAD /home/adrian/web2py/applications/CygnusCloud/static/england: 3
[2013-02-04 18:52:54] EDIT CygnusCloud/models/plugin_translate.py: 0
[2013-02-04 18:58:58] EDIT CygnusCloud/models/plugin_translate.py: 3
[2013-02-04 18:59:20] UPLOAD /home/adrian/web2py/applications/CygnusCloud/static/german: 3
[2013-02-04 18:59:31] UPLOAD /home/adrian/web2py/applications/CygnusCloud/static/italy: 2
[2013-02-04 18:59:41] UPLOAD /home/adrian/web2py/applications/CygnusCloud/static/portugal: 1
[2013-02-04 19:06:37] EDIT CygnusCloud/models/plugin_translate.py: 0
[2013-02-04 19:09:14] EDIT CygnusCloud/views/layout.html: -1
[2013-02-04 19:09:28] EDIT CygnusCloud/views/layout.html: -2
[2013-02-04 19:14:22] EDIT CygnusCloud/models/plugin_translate.py: 0
[2013-02-04 19:15:16] EDIT CygnusCloud/models/plugin_translate.py: 1
[2013-02-04 19:15:47] EDIT CygnusCloud/models/plugin_translate.py: -1
[2013-02-04 19:16:59] EDIT CygnusCloud/models/plugin_translate.py: 0
[2013-02-04 19:17:07] EDIT CygnusCloud/models/plugin_translate.py: 0
[2013-02-04 19:20:01] EDIT CygnusCloud/controllers/plugin_translate.py: 0
[2013-02-04 19:21:33] EDIT CygnusCloud/models/plugin_translate.py: 1
[2013-02-04 19:22:19] EDIT CygnusCloud/models/plugin_translate.py: 0
[2013-02-04 19:23:00] EDIT CygnusCloud/models/plugin_translate.py: 0
[2013-02-04 19:27:54] EDIT CygnusCloud/models/plugin_translate.py: 0
[2013-02-04 19:28:54] EDIT CygnusCloud/models/plugin_translate.py: 1
[2013-02-04 19:29:36] EDIT CygnusCloud/models/plugin_translate.py: 0
[2013-02-04 19:29:40] EDIT CygnusCloud/models/plugin_translate.py: 0
[2013-02-04 19:30:05] EDIT CygnusCloud/models/plugin_translate.py: 0
[2013-02-04 19:30:43] EDIT CygnusCloud/models/plugin_translate.py: 3
[2013-02-04 19:30:47] EDIT CygnusCloud/models/plugin_translate.py: 0
[2013-02-04 19:30:52] EDIT CygnusCloud/models/plugin_translate.py: -1
[2013-02-04 19:31:52] EDIT CygnusCloud/models/plugin_translate.py: 0
[2013-02-04 19:32:10] EDIT CygnusCloud/models/plugin_translate.py: 0
[2013-02-04 19:32:38] EDIT CygnusCloud/models/plugin_translate.py: 0
[2013-02-04 19:45:21] EDIT CygnusCloud/models/plugin_translate.py: 0
[2013-02-04 19:45:41] EDIT CygnusCloud/models/plugin_translate.py: 0
[2013-02-04 19:46:33] EDIT CygnusCloud/models/plugin_translate.py: 0
[2013-02-04 19:47:06] EDIT CygnusCloud/models/plugin_translate.py: 0
[2013-02-04 19:47:50] EDIT CygnusCloud/models/plugin_translate.py: 0
[2013-02-04 19:51:07] EDIT CygnusCloud/models/plugin_translate.py: -1
[2013-02-04 19:54:15] EDIT CygnusCloud/models/plugin_translate.py: 0
[2013-02-04 20:01:20] EDIT CygnusCloud/models/plugin_translate.py: 0
[2013-02-04 20:02:00] EDIT CygnusCloud/models/plugin_translate.py: 1
[2013-02-04 20:02:04] EDIT CygnusCloud/models/plugin_translate.py: 0
[2013-02-04 20:03:22] EDIT CygnusCloud/models/plugin_translate.py: 0
[2013-02-04 20:04:05] EDIT CygnusCloud/models/plugin_translate.py: 0
[2013-02-04 20:07:27] EDIT CygnusCloud/models/plugin_translate.py: 0
[2013-02-04 20:11:49] EDIT CygnusCloud/models/plugin_translate.py: 0
[2013-02-04 20:12:12] EDIT CygnusCloud/models/plugin_translate.py: 0
[2013-02-04 20:12:51] EDIT CygnusCloud/models/plugin_translate.py: 0
[2013-02-04 20:14:09] EDIT CygnusCloud/models/plugin_translate.py: 0
[2013-02-04 20:14:44] EDIT CygnusCloud/models/plugin_translate.py: 0
[2013-02-04 20:15:04] EDIT CygnusCloud/models/plugin_translate.py: 0
[2013-02-04 20:19:57] EDIT CygnusCloud/models/plugin_translate.py: 0
[2013-02-04 20:23:40] EDIT CygnusCloud/models/plugin_translate.py: 0
[2013-02-04 20:24:33] EDIT CygnusCloud/models/plugin_translate.py: 0
[2013-02-04 20:24:59] EDIT CygnusCloud/models/plugin_translate.py: 0
[2013-02-04 20:26:11] EDIT CygnusCloud/models/plugin_translate.py: 0
[2013-02-04 20:29:50] EDIT CygnusCloud/controllers/main.py: 0
[2013-02-04 20:30:06] EDIT CygnusCloud/controllers/main.py: 0
[2013-02-04 20:46:37] EDIT CygnusCloud/models/plugin_translate.py: 0
[2013-02-04 20:46:43] EDIT CygnusCloud/controllers/plugin_translate.py: 0
[2013-02-04 20:46:48] EDIT CygnusCloud/controllers/plugin_translate.py: 0
[2013-02-04 20:47:20] EDIT CygnusCloud/controllers/plugin_translate.py: 0
[2013-02-04 20:47:52] EDIT CygnusCloud/controllers/plugin_translate.py: 0
[2013-02-04 20:48:20] EDIT CygnusCloud/models/plugin_translate.py: 0
[2013-02-04 20:48:40] EDIT CygnusCloud/controllers/plugin_translate.py: 0
[2013-02-04 20:49:09] EDIT CygnusCloud/controllers/plugin_translate.py: 0
[2013-02-04 20:49:18] EDIT CygnusCloud/controllers/plugin_translate.py: 0
[2013-02-04 20:49:27] EDIT CygnusCloud/controllers/plugin_translate.py: 0
[2013-02-04 20:49:48] EDIT CygnusCloud/models/plugin_translate.py: 0
[2013-02-04 20:57:11] EDIT CygnusCloud/models/plugin_translate.py: 1
[2013-02-04 20:58:47] EDIT CygnusCloud/models/plugin_translate.py: 1
[2013-02-04 20:59:47] EDIT CygnusCloud/models/plugin_translate.py: 0
[2013-02-04 21:00:27] EDIT CygnusCloud/models/plugin_translate.py: 0
[2013-02-04 21:01:05] EDIT CygnusCloud/models/plugin_translate.py: 0
[2013-02-04 21:01:35] EDIT CygnusCloud/models/plugin_translate.py: 0
[2013-02-05 01:16:31] EDIT CygnusCloud/models/plugin_translate.py: 0
[2013-02-05 01:27:51] EDIT CygnusCloud/models/plugin_translate.py: 0
[2013-02-05 01:30:12] EDIT CygnusCloud/controllers/plugin_translate.py: 1
[2013-02-05 01:32:28] EDIT CygnusCloud/models/plugin_translate.py: 0
[2013-02-05 01:33:11] EDIT CygnusCloud/controllers/plugin_translate.py: 0
[2013-02-05 01:34:53] EDIT CygnusCloud/models/plugin_translate.py: 0
[2013-02-05 01:35:11] EDIT CygnusCloud/controllers/plugin_translate.py: 0
[2013-02-05 01:35:37] EDIT CygnusCloud/models/plugin_translate.py: 0
[2013-02-05 01:36:28] EDIT CygnusCloud/models/plugin_translate.py: 0
[2013-02-05 01:36:58] EDIT CygnusCloud/controllers/plugin_translate.py: 0
[2013-02-05 01:37:21] EDIT CygnusCloud/models/plugin_translate.py: 0
[2013-02-05 01:37:55] EDIT CygnusCloud/controllers/plugin_translate.py: 0
[2013-02-05 01:38:54] EDIT CygnusCloud/controllers/plugin_translate.py: 0
[2013-02-05 01:39:01] EDIT CygnusCloud/controllers/plugin_translate.py: 0
[2013-02-05 01:40:20] EDIT CygnusCloud/models/plugin_translate.py: 0
[2013-02-05 01:47:43] EDIT CygnusCloud/controllers/main.py: 0
[2013-02-05 01:48:09] EDIT CygnusCloud/controllers/plugin_translate.py: 1
[2013-02-05 01:49:06] EDIT CygnusCloud/controllers/plugin_translate.py: 0
[2013-02-05 01:49:30] EDIT CygnusCloud/models/plugin_translate.py: -1
[2013-02-05 01:49:43] EDIT CygnusCloud/models/plugin_translate.py: 0
[2013-02-05 01:52:05] EDIT CygnusCloud/controllers/plugin_translate.py: 0
[2013-02-05 01:55:09] EDIT CygnusCloud/controllers/main.py: 1
[2013-02-05 01:55:28] EDIT CygnusCloud/controllers/main.py: -1
[2013-02-05 01:55:48] EDIT CygnusCloud/controllers/main.py: 1
[2013-02-05 01:56:42] EDIT CygnusCloud/models/plugin_translate.py: 0
[2013-02-05 01:57:15] EDIT CygnusCloud/controllers/main.py: -1
[2013-02-05 01:59:18] EDIT CygnusCloud/controllers/main.py: 1
[2013-02-05 02:00:00] EDIT CygnusCloud/controllers/main.py: 0
[2013-02-05 02:00:28] EDIT CygnusCloud/models/plugin_translate.py: 0
[2013-02-05 02:00:35] EDIT CygnusCloud/models/plugin_translate.py: 0
[2013-02-05 02:00:55] EDIT CygnusCloud/controllers/main.py: 0
[2013-02-05 02:02:54] EDIT CygnusCloud/controllers/plugin_translate.py: 0
[2013-02-05 02:03:04] EDIT CygnusCloud/controllers/main.py: 0
[2013-02-05 02:03:41] EDIT CygnusCloud/controllers/main.py: -1
[2013-02-05 02:04:02] EDIT CygnusCloud/controllers/plugin_translate.py: 0
[2013-02-05 02:04:34] EDIT CygnusCloud/controllers/plugin_translate.py: 0
[2013-02-05 02:05:03] EDIT CygnusCloud/controllers/plugin_translate.py: 1
[2013-02-05 02:05:26] EDIT CygnusCloud/controllers/plugin_translate.py: 0
[2013-02-05 02:05:47] EDIT CygnusCloud/controllers/plugin_translate.py: 0
[2013-02-05 02:06:49] EDIT CygnusCloud/controllers/plugin_translate.py: 0
[2013-02-05 02:07:03] EDIT CygnusCloud/models/plugin_translate.py: 0
[2013-02-05 02:08:27] EDIT CygnusCloud/controllers/main.py: 0
[2013-02-05 02:09:32] EDIT CygnusCloud/controllers/main.py: 0
[2013-02-05 02:09:43] EDIT CygnusCloud/models/plugin_translate.py: 0
[2013-02-05 02:10:23] EDIT CygnusCloud/models/plugin_translate.py: 0
[2013-02-05 02:10:48] EDIT CygnusCloud/controllers/main.py: 0
[2013-02-05 02:12:29] EDIT CygnusCloud/languages/es.py: 0
[2013-02-05 02:13:00] EDIT CygnusCloud/languages/es.py: 0
[2013-02-05 02:13:46] EDIT CygnusCloud/languages/es.py: 0
[2013-02-05 02:14:58] EDIT CygnusCloud/models/plugin_translate.py: -1
[2013-02-05 02:15:18] EDIT CygnusCloud/models/plugin_translate.py: 0
[2013-02-05 02:20:54] EDIT CygnusCloud/views/main/login.html: 0
[2013-02-05 02:21:14] EDIT CygnusCloud/views/main/login.html: 0
[2013-02-05 02:22:11] EDIT CygnusCloud/views/main/login.html: 0
[2013-02-05 02:22:35] EDIT CygnusCloud/views/main/login.html: 0
[2013-02-05 02:22:53] EDIT CygnusCloud/views/main/login.html: 0
[2013-02-05 02:23:42] EDIT CygnusCloud/views/main/login.html: 0
[2013-02-05 02:27:31] EDIT CygnusCloud/views/main/login.html: 0
[2013-02-05 11:01:32] EDIT CygnusCloud/controllers/main.py: 0
[2013-02-05 11:03:58] EDIT CygnusCloud/controllers/main.py: 0
[2013-02-05 11:05:50] EDIT CygnusCloud/controllers/main.py: 0
[2013-02-05 11:06:03] EDIT CygnusCloud/controllers/main.py: 0
[2013-02-05 12:06:55] UPLOAD /home/adrian/web2py/applications/CygnusCloud/modules/cinfiguration.py: 91
[2013-02-05 12:07:00] DELETE CygnusCloud/modules/cinfiguration.py: -91
[2013-02-05 12:07:17] UPLOAD /home/adrian/web2py/applications/CygnusCloud/modules/configuration.py: 91
[2013-02-05 12:07:27] UPLOAD /home/adrian/web2py/applications/CygnusCloud/modules/connector.py: 94
[2013-02-05 12:07:48] UPLOAD /home/adrian/web2py/applications/CygnusCloud/modules/userAccess.py: 51
[2013-02-05 12:08:05] UPLOAD /home/adrian/web2py/applications/CygnusCloud/modules/userManagement.py: 452
[2013-02-05 12:08:27] UPLOAD /home/adrian/web2py/applications/CygnusCloud/modules/WebServerDB.py: 21
[2013-02-05 12:08:43] DELETE CygnusCloud/modules/WebServerDB.py: -21
[2013-02-05 12:08:57] UPLOAD /home/adrian/web2py/applications/CygnusCloud/private/WebServerDB: 21
[2013-02-05 12:21:30] EDIT CygnusCloud/private/WebServerDB: 1
[2013-02-05 12:21:43] EDIT CygnusCloud/private/WebServerDB: 0
[2013-02-05 12:21:54] EDIT CygnusCloud/private/WebServerDB: -1
[2013-02-05 12:26:05] EDIT CygnusCloud/models/db.py: 0
[2013-02-05 12:39:25] EDIT CygnusCloud/models/db.py: 0
[2013-02-05 13:03:12] EDIT CygnusCloud/models/db.py: 3
[2013-02-05 13:04:03] EDIT CygnusCloud/models/db.py: 0
[2013-02-05 13:06:19] EDIT CygnusCloud/models/db.py: 0
[2013-02-05 13:07:05] EDIT CygnusCloud/models/db.py: 0
[2013-02-05 13:11:53] EDIT CygnusCloud/modules/configuration.py: 0
[2013-02-05 13:17:39] EDIT CygnusCloud/modules/configuration.py: 0
[2013-02-05 13:22:31] EDIT CygnusCloud/models/db.py: 2
[2013-02-05 13:22:40] EDIT CygnusCloud/models/db.py: 0
[2013-02-05 13:23:16] EDIT CygnusCloud/models/db.py: 0
[2013-02-05 13:24:09] EDIT CygnusCloud/models/db.py: 0
[2013-02-05 13:25:08] EDIT CygnusCloud/models/db.py: 0
[2013-02-05 13:25:13] EDIT CygnusCloud/models/db.py: 0
[2013-02-05 13:25:39] EDIT CygnusCloud/models/db.py: 0
[2013-02-05 13:27:44] EDIT CygnusCloud/models/db.py: 0
[2013-02-05 13:31:25] EDIT CygnusCloud/models/db.py: -2
[2013-02-05 13:33:23] EDIT CygnusCloud/models/db.py: 0
[2013-02-05 13:48:47] EDIT CygnusCloud/models/db.py: 6
[2013-02-05 13:49:10] EDIT CygnusCloud/models/db.py: -20
[2013-02-05 13:49:35] EDIT CygnusCloud/models/db.py: 0
[2013-02-05 13:51:46] DELETE CygnusCloud/private/WebServerDB: -21
[2013-02-05 13:51:49] DELETE CygnusCloud/private/WebServerDB.bak: -22
[2013-02-05 13:52:09] UPLOAD /home/adrian/web2py/applications/CygnusCloud/private/WebServerDB.sql: 21
[2013-02-05 13:52:30] EDIT CygnusCloud/models/db.py: 0
[2013-02-05 13:52:42] EDIT CygnusCloud/models/db.py: 0
[2013-02-05 13:53:43] EDIT CygnusCloud/models/db.py: 0
[2013-02-05 13:56:14] EDIT CygnusCloud/models/db.py: 0
[2013-02-05 13:56:55] EDIT CygnusCloud/models/db.py: 0
[2013-02-05 13:57:20] EDIT CygnusCloud/models/db.py: 0
[2013-02-05 14:03:15] EDIT CygnusCloud/models/db.py: 0
[2013-02-05 14:04:33] EDIT CygnusCloud/models/db.py: 0
[2013-02-05 14:04:35] EDIT CygnusCloud/models/db.py: 0
[2013-02-05 14:11:47] EDIT CygnusCloud/models/db.py: 19
[2013-02-05 14:24:16] EDIT CygnusCloud/models/db.py: 17
[2013-02-05 14:24:29] EDIT CygnusCloud/models/db.py: -8
[2013-02-05 16:06:05] EDIT CygnusCloud/models/db.py: -5
[2013-02-05 16:06:33] EDIT CygnusCloud/models/db.py: 1
[2013-02-05 16:07:51] EDIT CygnusCloud/models/db.py: -5
[2013-02-05 16:08:16] EDIT CygnusCloud/models/db.py: 0
[2013-02-05 16:08:36] EDIT CygnusCloud/models/db.py: 0
[2013-02-05 16:09:16] EDIT CygnusCloud/models/db.py: 0
[2013-02-05 16:11:00] EDIT CygnusCloud/models/db.py: 0
[2013-02-05 16:11:20] EDIT CygnusCloud/models/db.py: 0
[2013-02-05 16:12:15] EDIT CygnusCloud/models/db.py: 0
[2013-02-05 16:14:36] EDIT CygnusCloud/models/db.py: 1
[2013-02-05 16:15:14] EDIT CygnusCloud/models/db.py: 0
[2013-02-05 16:15:19] EDIT CygnusCloud/models/db.py: 0
[2013-02-05 16:15:28] EDIT CygnusCloud/models/db.py: 0
[2013-02-05 16:15:42] EDIT CygnusCloud/models/db.py: 0
[2013-02-05 16:16:39] EDIT CygnusCloud/models/db.py: 0
[2013-02-05 16:17:16] EDIT CygnusCloud/models/db.py: 0
[2013-02-05 16:18:03] EDIT CygnusCloud/models/db.py: 0
[2013-02-05 16:18:09] EDIT CygnusCloud/models/db.py: 0
[2013-02-05 16:18:12] EDIT CygnusCloud/models/db.py: 0
[2013-02-05 16:19:05] EDIT CygnusCloud/models/db.py: 2
[2013-02-05 16:19:46] EDIT CygnusCloud/models/db.py: -1
[2013-02-05 16:35:28] EDIT CygnusCloud/models/db.py: 3
[2013-02-05 16:35:59] EDIT CygnusCloud/models/db.py: 0
[2013-02-05 16:45:22] EDIT CygnusCloud/models/db.py: 0
[2013-02-05 16:46:29] EDIT CygnusCloud/models/db.py: 0
[2013-02-05 16:47:02] EDIT CygnusCloud/models/db.py: 0
[2013-02-05 16:47:53] EDIT CygnusCloud/models/db.py: 0
[2013-02-05 16:49:09] EDIT CygnusCloud/models/db.py: 0
[2013-02-05 16:54:55] EDIT CygnusCloud/models/db.py: -1
[2013-02-05 16:55:33] EDIT CygnusCloud/models/db.py: 0
[2013-02-05 16:55:36] EDIT CygnusCloud/models/db.py: 1
[2013-02-05 16:56:39] EDIT CygnusCloud/models/db.py: 1
[2013-02-05 16:58:17] EDIT CygnusCloud/models/db.py: -1
[2013-02-05 16:58:33] EDIT CygnusCloud/models/db.py: -3
[2013-02-05 17:04:55] EDIT CygnusCloud/models/db.py: -3
[2013-02-05 17:15:19] EDIT CygnusCloud/models/db.py: 2
[2013-02-05 17:20:48] EDIT CygnusCloud/models/db.py: 2
[2013-02-05 17:21:21] EDIT CygnusCloud/models/db.py: 0
[2013-02-05 17:21:44] EDIT CygnusCloud/models/db.py: 0
[2013-02-05 17:22:10] EDIT CygnusCloud/models/db.py: 0
[2013-02-05 17:23:39] EDIT CygnusCloud/models/db.py: 1
[2013-02-05 17:24:53] EDIT CygnusCloud/models/db.py: 1
[2013-02-05 17:25:45] EDIT CygnusCloud/models/db.py: 0
[2013-02-05 17:26:01] EDIT CygnusCloud/modules/configuration.py: 0
[2013-02-05 17:27:42] EDIT CygnusCloud/models/db.py: 0
[2013-02-05 17:29:32] EDIT CygnusCloud/models/db.py: -1
[2013-02-05 17:29:51] EDIT CygnusCloud/models/db.py: 1
[2013-02-05 17:31:35] EDIT CygnusCloud/models/db.py: -1
[2013-02-05 17:32:37] EDIT CygnusCloud/models/db.py: 0
[2013-02-05 17:32:40] EDIT CygnusCloud/models/db.py: 1
[2013-02-05 17:33:46] EDIT CygnusCloud/models/db.py: -5
[2013-02-05 17:45:17] EDIT CygnusCloud/models/db.py: 0
[2013-02-05 17:48:03] EDIT CygnusCloud/models/db.py: -1
[2013-02-05 17:49:04] EDIT CygnusCloud/models/db.py: 1
[2013-02-05 17:51:20] EDIT CygnusCloud/models/db.py: 1
[2013-02-05 17:51:23] EDIT CygnusCloud/models/db.py: 0
[2013-02-05 17:51:50] EDIT CygnusCloud/models/db.py: 0
[2013-02-05 17:54:11] EDIT CygnusCloud/models/db.py: 2
[2013-02-05 17:55:01] EDIT CygnusCloud/models/db.py: -1
[2013-02-05 17:56:22] EDIT CygnusCloud/modules/configuration.py: 0
[2013-02-05 17:56:46] EDIT CygnusCloud/models/db.py: 1
[2013-02-05 18:06:47] EDIT CygnusCloud/models/db.py: -3
[2013-02-05 18:16:20] EDIT CygnusCloud/models/db.py: 0
[2013-02-05 18:16:49] EDIT CygnusCloud/models/db.py: 0
[2013-02-05 18:17:19] EDIT CygnusCloud/models/db.py: 0
[2013-02-05 18:17:42] EDIT CygnusCloud/models/db.py: 0
[2013-02-05 18:20:37] EDIT CygnusCloud/models/db.py: 0
[2013-02-05 18:20:52] EDIT CygnusCloud/models/db.py: 1
[2013-02-05 18:21:13] EDIT CygnusCloud/models/db.py: 1
[2013-02-05 18:27:02] EDIT CygnusCloud/models/db.py: 1
[2013-02-05 18:27:55] EDIT CygnusCloud/modules/configuration.py: 0
[2013-02-05 18:34:31] EDIT CygnusCloud/modules/configuration.py: 0
[2013-02-05 18:36:41] EDIT CygnusCloud/models/db.py: -1
[2013-02-05 18:37:50] EDIT CygnusCloud/models/db.py: 1
[2013-02-05 18:51:00] EDIT CygnusCloud/models/db.py: -1
[2013-02-05 18:51:22] EDIT CygnusCloud/models/db.py: 0
[2013-02-05 18:52:08] EDIT CygnusCloud/models/db.py: 0
[2013-02-05 18:52:18] EDIT CygnusCloud/models/db.py: 0
[2013-02-05 18:54:50] EDIT CygnusCloud/models/db.py: 1
[2013-02-05 18:56:04] EDIT CygnusCloud/models/db.py: 0
[2013-02-05 18:56:28] EDIT CygnusCloud/models/db.py: 0
[2013-02-05 18:56:52] EDIT CygnusCloud/models/db.py: 1
[2013-02-05 19:00:53] EDIT CygnusCloud/models/db.py: -1
[2013-02-05 19:02:05] EDIT CygnusCloud/models/db.py: 0
[2013-02-05 19:02:47] EDIT CygnusCloud/models/db.py: 0
[2013-02-05 19:03:25] EDIT CygnusCloud/models/db.py: -1
[2013-02-05 19:03:51] EDIT CygnusCloud/models/db.py: 0
[2013-02-05 19:04:44] EDIT CygnusCloud/models/db.py: -1
[2013-02-05 19:05:54] EDIT CygnusCloud/models/db.py: 1
[2013-02-05 19:08:10] EDIT CygnusCloud/models/db.py: 0
[2013-02-05 19:12:11] EDIT CygnusCloud/models/db.py: 1
[2013-02-05 19:12:52] EDIT CygnusCloud/models/db.py: 0
[2013-02-05 19:13:40] EDIT CygnusCloud/models/db.py: 0
[2013-02-05 19:13:56] EDIT CygnusCloud/models/db.py: -1
[2013-02-05 19:14:29] EDIT CygnusCloud/models/db.py: 0
[2013-02-05 19:30:19] EDIT CygnusCloud/models/db.py: -1
[2013-02-05 19:30:28] EDIT CygnusCloud/controllers/main.py: 1
[2013-02-05 19:30:42] EDIT CygnusCloud/controllers/main.py: -1
[2013-02-05 19:32:11] EDIT CygnusCloud/models/db.py: 0
[2013-02-05 19:32:48] EDIT CygnusCloud/models/db.py: 0
[2013-02-05 19:32:59] EDIT CygnusCloud/models/db.py: 0
[2013-02-05 19:33:29] EDIT CygnusCloud/models/db.py: 0
[2013-02-05 19:35:50] DELETE CygnusCloud/views/index.hmtl: -7
[2013-02-05 19:36:12] EDIT CygnusCloud/controllers/main.py: 0
[2013-02-05 19:37:24] EDIT CygnusCloud/controllers/plugin_translate.py: 0
[2013-02-05 19:38:04] EDIT CygnusCloud/models/db.py: 1
[2013-02-05 19:39:38] EDIT CygnusCloud/models/db.py: 0
[2013-02-05 19:40:11] EDIT CygnusCloud/models/db.py: 0
[2013-02-05 19:40:41] EDIT CygnusCloud/models/db.py: 0
[2013-02-05 19:44:12] EDIT CygnusCloud/models/db.py: -1
[2013-02-05 19:47:34] EDIT CygnusCloud/models/db.py: -2
[2013-02-05 19:48:56] EDIT CygnusCloud/models/db.py: 2
[2013-02-05 19:51:09] DELETE CygnusCloud/views/default/index.html: -32
[2013-02-05 19:51:17] DELETE CygnusCloud/views/default/user.html: -23
[2013-02-05 19:56:05] EDIT CygnusCloud/models/db.py: 0
[2013-02-05 19:56:14] EDIT CygnusCloud/models/db.py: 0
[2013-02-05 19:56:41] EDIT CygnusCloud/models/db.py: 0
[2013-02-05 19:56:54] EDIT CygnusCloud/models/db.py: 0
[2013-02-05 20:05:25] EDIT CygnusCloud/models/db.py: -3
[2013-02-05 20:09:59] EDIT CygnusCloud/models/db.py: 0
[2013-02-05 20:10:12] EDIT CygnusCloud/models/db.py: 0
[2013-02-05 20:10:37] EDIT CygnusCloud/models/db.py: 0
[2013-02-05 20:15:21] EDIT CygnusCloud/models/db.py: 0
[2013-02-05 20:15:45] EDIT CygnusCloud/models/db.py: 1
[2013-02-05 20:16:04] EDIT CygnusCloud/models/db.py: 0
[2013-02-05 20:19:41] EDIT CygnusCloud/models/db.py: 3
[2013-02-05 20:22:02] EDIT CygnusCloud/models/db.py: 0
[2013-02-05 20:22:40] EDIT CygnusCloud/models/db.py: 0
[2013-02-05 20:24:04] EDIT CygnusCloud/models/db.py: 0
[2013-02-05 20:30:27] EDIT CygnusCloud/modules/configuration.py: 0
[2013-02-05 20:30:41] EDIT CygnusCloud/models/db.py: -1
[2013-02-05 20:30:44] EDIT CygnusCloud/modules/configuration.py: 0
[2013-02-05 20:31:02] EDIT CygnusCloud/models/db.py: 0
[2013-02-05 20:31:25] EDIT CygnusCloud/models/db.py: 3
[2013-02-05 20:38:26] EDIT CygnusCloud/models/db.py: 1
[2013-02-05 20:39:23] EDIT CygnusCloud/models/db.py: 0
[2013-02-05 20:41:47] EDIT CygnusCloud/models/db.py: 1
[2013-02-05 20:42:22] EDIT CygnusCloud/models/db.py: -1
[2013-02-05 20:51:54] EDIT CygnusCloud/views/layout.html: 0
[2013-02-05 20:53:18] EDIT CygnusCloud/views/layout.html: 0
[2013-02-05 21:06:08] EDIT CygnusCloud/models/db.py: 0
[2013-02-05 21:41:49] EDIT CygnusCloud/controllers/main.py: 0
[2013-02-05 21:44:28] EDIT CygnusCloud/views/main/login.html: 20
[2013-02-05 21:45:53] EDIT CygnusCloud/views/main/login.html: -19
[2013-02-05 21:46:41] EDIT CygnusCloud/views/main/login.html: -1
[2013-02-05 21:47:10] EDIT CygnusCloud/controllers/main.py: 0
[2013-02-05 21:53:23] EDIT CygnusCloud/controllers/main.py: 2
[2013-02-05 21:53:51] EDIT CygnusCloud/views/main/login.html: 20
[2013-02-05 21:55:02] EDIT CygnusCloud/views/main/login.html: -8
[2013-02-05 21:55:34] EDIT CygnusCloud/views/main/login.html: -9
[2013-02-05 21:56:03] EDIT CygnusCloud/views/main/login.html: 7
[2013-02-05 22:01:52] EDIT CygnusCloud/controllers/main.py: 0
[2013-02-05 22:02:26] EDIT CygnusCloud/views/main/login.html: -7
[2013-02-05 23:17:22] EDIT CygnusCloud/views/main/login.html: -1
[2013-02-05 23:29:43] EDIT CygnusCloud/models/db.py: 2
[2013-02-05 23:30:27] EDIT CygnusCloud/controllers/main.py: -12
[2013-02-05 23:31:30] EDIT CygnusCloud/controllers/main.py: -2
[2013-02-05 23:40:06] EDIT CygnusCloud/controllers/main.py: 2
[2013-02-05 23:42:30] EDIT CygnusCloud/controllers/main.py: 0
[2013-02-05 23:43:27] EDIT CygnusCloud/controllers/main.py: 0
[2013-02-05 23:43:47] EDIT CygnusCloud/controllers/main.py: 0
[2013-02-05 23:44:16] EDIT CygnusCloud/controllers/main.py: 0
[2013-02-05 23:45:38] EDIT CygnusCloud/controllers/main.py: 0
[2013-02-05 23:49:10] EDIT CygnusCloud/controllers/main.py: 0
[2013-02-05 23:55:58] EDIT CygnusCloud/controllers/main.py: 5
[2013-02-05 23:56:07] EDIT CygnusCloud/controllers/main.py: 0
[2013-02-05 23:56:10] EDIT CygnusCloud/controllers/main.py: 0
[2013-02-05 23:56:22] EDIT CygnusCloud/controllers/main.py: 0
[2013-02-05 23:56:42] EDIT CygnusCloud/controllers/main.py: 0
[2013-02-05 23:57:35] EDIT CygnusCloud/controllers/main.py: 0
[2013-02-05 23:58:29] EDIT CygnusCloud/controllers/main.py: 0
[2013-02-06 00:00:44] EDIT CygnusCloud/controllers/main.py: 0
[2013-02-06 00:02:17] EDIT CygnusCloud/controllers/main.py: 0
[2013-02-06 00:02:57] EDIT CygnusCloud/controllers/main.py: 0
[2013-02-06 00:05:02] EDIT CygnusCloud/controllers/main.py: 0
[2013-02-06 00:05:56] EDIT CygnusCloud/controllers/main.py: 0
[2013-02-06 00:16:50] EDIT CygnusCloud/models/db.py: -2
[2013-02-06 00:22:09] EDIT CygnusCloud/models/db.py: -4
[2013-02-06 00:22:51] EDIT CygnusCloud/models/db.py: 3
[2013-02-06 00:23:11] EDIT CygnusCloud/models/db.py: 1
[2013-02-06 00:23:25] EDIT CygnusCloud/models/db.py: 0
[2013-02-06 00:24:34] EDIT CygnusCloud/models/db.py: -1
[2013-02-06 00:25:00] EDIT CygnusCloud/models/db.py: -3
[2013-02-06 00:26:24] EDIT CygnusCloud/models/db.py: 3
[2013-02-06 00:27:14] EDIT CygnusCloud/models/db.py: -3
[2013-02-06 00:27:56] EDIT CygnusCloud/models/db.py: 1
[2013-02-06 00:30:56] EDIT CygnusCloud/models/db.py: 4
[2013-02-06 00:31:31] EDIT CygnusCloud/models/db.py: 0
[2013-02-06 00:35:24] EDIT CygnusCloud/models/db.py: 0
[2013-02-06 00:35:47] EDIT CygnusCloud/models/db.py: 0
[2013-02-06 00:36:07] EDIT CygnusCloud/models/db.py: 0
[2013-02-06 00:36:37] EDIT CygnusCloud/models/db.py: 1
[2013-02-06 00:37:08] EDIT CygnusCloud/models/db.py: 0
[2013-02-06 00:37:24] EDIT CygnusCloud/models/db.py: 0
[2013-02-06 00:37:51] EDIT CygnusCloud/models/db.py: 0
[2013-02-06 00:38:34] EDIT CygnusCloud/models/db.py: 2
[2013-02-06 00:38:40] EDIT CygnusCloud/models/db.py: -1
[2013-02-06 00:39:45] EDIT CygnusCloud/models/db.py: -2
[2013-02-06 00:40:07] EDIT CygnusCloud/models/db.py: 0
[2013-02-06 00:40:51] EDIT CygnusCloud/models/db.py: 1
[2013-02-06 00:41:12] EDIT CygnusCloud/models/db.py: 0
[2013-02-06 00:41:32] EDIT CygnusCloud/models/db.py: 0
[2013-02-06 00:42:01] EDIT CygnusCloud/models/db.py: 0
[2013-02-06 00:42:18] EDIT CygnusCloud/models/db.py: 0
[2013-02-06 00:42:38] EDIT CygnusCloud/models/db.py: 0
[2013-02-06 00:43:00] EDIT CygnusCloud/models/db.py: 0
[2013-02-06 00:43:10] EDIT CygnusCloud/models/db.py: -6
[2013-02-06 00:47:50] EDIT CygnusCloud/models/db.py: 2
[2013-02-06 00:47:53] EDIT CygnusCloud/models/db.py: 1
[2013-02-06 00:47:55] EDIT CygnusCloud/models/db.py: 1
[2013-02-06 00:47:57] EDIT CygnusCloud/models/db.py: 0
[2013-02-06 00:48:52] EDIT CygnusCloud/models/db.py: -4
[2013-02-06 00:52:40] EDIT CygnusCloud/models/db.py: -1
[2013-02-06 00:52:51] EDIT CygnusCloud/models/db.py: 2
[2013-02-06 00:54:16] EDIT CygnusCloud/models/db.py: -1
[2013-02-06 00:54:38] EDIT CygnusCloud/models/db.py: 0
[2013-02-06 00:55:24] EDIT CygnusCloud/models/db.py: 0
[2013-02-06 00:56:19] EDIT CygnusCloud/models/db.py: 1
[2013-02-06 00:56:21] EDIT CygnusCloud/models/db.py: 1
[2013-02-06 00:56:37] EDIT CygnusCloud/models/db.py: 1
[2013-02-06 00:57:34] EDIT CygnusCloud/models/db.py: 0
[2013-02-06 01:02:50] EDIT CygnusCloud/controllers/main.py: 0
[2013-02-06 01:03:36] EDIT CygnusCloud/controllers/main.py: 0
[2013-02-06 01:08:05] EDIT CygnusCloud/controllers/main.py: 0
[2013-02-06 01:09:54] EDIT CygnusCloud/controllers/main.py: 0
[2013-02-06 01:10:32] EDIT CygnusCloud/controllers/main.py: 0
[2013-02-06 01:13:58] EDIT CygnusCloud/controllers/main.py: 0
[2013-02-06 01:14:39] EDIT CygnusCloud/controllers/main.py: 0
[2013-02-06 01:15:01] EDIT CygnusCloud/controllers/main.py: 0
[2013-02-06 01:17:01] EDIT CygnusCloud/controllers/main.py: 0
[2013-02-06 01:18:02] EDIT CygnusCloud/controllers/main.py: 0
[2013-02-06 10:58:18] EDIT CygnusCloud/controllers/main.py: 2
[2013-02-06 10:59:31] EDIT CygnusCloud/controllers/main.py: 0
[2013-02-06 11:00:28] EDIT CygnusCloud/controllers/main.py: 1
[2013-02-06 11:02:32] EDIT CygnusCloud/controllers/main.py: 0
[2013-02-06 11:03:46] EDIT CygnusCloud/controllers/main.py: 2
[2013-02-06 11:04:17] EDIT CygnusCloud/controllers/main.py: 0
[2013-02-06 11:05:30] EDIT CygnusCloud/controllers/main.py: 0
[2013-02-06 11:06:33] EDIT CygnusCloud/controllers/main.py: 0
[2013-02-06 11:06:40] EDIT CygnusCloud/controllers/main.py: 0
[2013-02-06 11:07:29] EDIT CygnusCloud/controllers/main.py: 0
[2013-02-06 11:08:15] EDIT CygnusCloud/controllers/main.py: 0
[2013-02-06 11:09:05] EDIT CygnusCloud/controllers/main.py: 0
[2013-02-06 11:09:47] EDIT CygnusCloud/controllers/main.py: 0
[2013-02-06 11:10:28] EDIT CygnusCloud/controllers/main.py: -2
[2013-02-06 11:12:14] EDIT CygnusCloud/controllers/main.py: 0
[2013-02-06 11:12:26] EDIT CygnusCloud/controllers/main.py: 0
[2013-02-06 11:21:09] EDIT CygnusCloud/controllers/main.py: 0
[2013-02-06 11:22:56] EDIT CygnusCloud/controllers/main.py: 0
[2013-02-06 11:25:23] EDIT CygnusCloud/controllers/main.py: 1
[2013-02-06 11:25:48] EDIT CygnusCloud/controllers/main.py: 1
[2013-02-06 11:25:51] EDIT CygnusCloud/controllers/main.py: 0
[2013-02-06 11:26:20] EDIT CygnusCloud/controllers/main.py: 0
[2013-02-06 11:26:54] EDIT CygnusCloud/controllers/main.py: 0
[2013-02-06 11:27:28] EDIT CygnusCloud/controllers/main.py: 0
[2013-02-06 11:27:57] EDIT CygnusCloud/controllers/main.py: 0
[2013-02-06 11:28:37] EDIT CygnusCloud/controllers/main.py: 0
[2013-02-06 11:28:45] EDIT CygnusCloud/controllers/main.py: -2
[2013-02-06 11:29:53] EDIT CygnusCloud/controllers/main.py: 1
[2013-02-06 15:45:44] EDIT CygnusCloud/controllers/main.py: 0
[2013-02-06 15:45:52] EDIT CygnusCloud/controllers/main.py: 0
[2013-02-06 15:57:21] EDIT CygnusCloud/controllers/main.py: 0
[2013-02-06 15:57:28] EDIT CygnusCloud/controllers/main.py: -1
[2013-02-06 16:00:27] EDIT CygnusCloud/models/db.py: 0
[2013-02-06 16:01:16] EDIT CygnusCloud/models/db.py: 0
[2013-02-06 16:08:23] EDIT CygnusCloud/controllers/main.py: 0
[2013-02-06 16:08:44] EDIT CygnusCloud/models/db.py: 0
[2013-02-06 16:11:29] EDIT CygnusCloud/controllers/main.py: 0
[2013-02-06 16:11:33] EDIT CygnusCloud/controllers/main.py: 0
[2013-02-06 16:12:12] EDIT CygnusCloud/controllers/main.py: 0
[2013-02-06 16:12:42] EDIT CygnusCloud/controllers/main.py: 0
[2013-02-06 16:13:11] EDIT CygnusCloud/controllers/main.py: 0
[2013-02-06 16:13:59] EDIT CygnusCloud/controllers/main.py: 0
[2013-02-06 16:14:13] EDIT CygnusCloud/controllers/main.py: 0
[2013-02-06 16:14:18] EDIT CygnusCloud/controllers/main.py: 0
[2013-02-06 16:16:18] EDIT CygnusCloud/controllers/main.py: 0
[2013-02-06 16:16:37] EDIT CygnusCloud/controllers/main.py: 0
[2013-02-06 16:17:23] EDIT CygnusCloud/controllers/main.py: 0
[2013-02-06 16:17:57] EDIT CygnusCloud/controllers/main.py: 0
[2013-02-06 16:20:24] EDIT CygnusCloud/controllers/main.py: 0
[2013-02-06 16:21:28] EDIT CygnusCloud/controllers/main.py: 0
[2013-02-06 16:22:10] EDIT CygnusCloud/controllers/main.py: 0
[2013-02-06 16:40:11] EDIT CygnusCloud/models/menu.py: 0
[2013-02-06 16:41:46] EDIT CygnusCloud/models/menu.py: -1
[2013-02-06 16:51:44] EDIT CygnusCloud/models/menu.py: 1
[2013-02-06 16:52:10] EDIT CygnusCloud/models/db.py: -5
[2013-02-06 16:56:55] EDIT CygnusCloud/controllers/main.py: 11
[2013-02-06 16:57:06] EDIT CygnusCloud/controllers/main.py: 0
[2013-02-06 16:57:52] EDIT CygnusCloud/controllers/main.py: 0
[2013-02-06 16:58:26] EDIT CygnusCloud/controllers/main.py: 1
[2013-02-06 16:59:03] EDIT CygnusCloud/controllers/main.py: 3
[2013-02-06 16:59:13] EDIT CygnusCloud/controllers/main.py: 0
[2013-02-06 16:59:24] EDIT CygnusCloud/controllers/main.py: 0
[2013-02-06 17:32:36] CREATE info.html: 0
[2013-02-06 17:35:13] EDIT CygnusCloud/controllers/main.py: 6
[2013-02-06 17:35:21] EDIT CygnusCloud/controllers/main.py: 0
[2013-02-06 17:35:58] CREATE main/about.html: 0
[2013-02-06 17:36:42] EDIT CygnusCloud/controllers/main.py: 0
[2013-02-06 17:37:08] EDIT CygnusCloud/views/main/about.html: 0
[2013-02-06 17:37:25] EDIT CygnusCloud/controllers/main.py: 0
[2013-02-06 17:38:01] EDIT CygnusCloud/controllers/main.py: 0
[2013-02-06 17:38:04] EDIT CygnusCloud/controllers/main.py: 0
[2013-02-06 17:39:16] EDIT CygnusCloud/views/main/about.html: 0
[2013-02-06 17:39:37] EDIT CygnusCloud/controllers/main.py: 1
[2013-02-06 17:40:25] EDIT CygnusCloud/views/main/about.html: 0
[2013-02-06 17:40:56] DELETE CygnusCloud/private/info.html: 0
[2013-02-06 17:41:05] CREATE info.html: 0
[2013-02-06 17:43:21] EDIT CygnusCloud/static/info.html: 1
[2013-02-06 17:45:21] EDIT CygnusCloud/static/info.html: 0
[2013-02-06 17:46:11] EDIT CygnusCloud/static/info.html: 0
[2013-02-06 17:47:17] EDIT CygnusCloud/static/info.html: 0
[2013-02-06 17:53:02] EDIT CygnusCloud/views/main/about.html: 0
[2013-02-06 17:53:31] EDIT CygnusCloud/views/main/about.html: 0
[2013-02-06 17:54:06] EDIT CygnusCloud/views/main/about.html: 0
[2013-02-06 18:16:14] CREATE student.py: 0
[2013-02-06 18:23:24] EDIT CygnusCloud/controllers/student.py: 5
[2013-02-06 18:23:33] EDIT CygnusCloud/controllers/student.py: 0
[2013-02-06 18:28:36] EDIT CygnusCloud/views/layout.html: 4
[2013-02-06 18:29:38] EDIT CygnusCloud/views/layout.html: 2
[2013-02-06 18:31:47] EDIT CygnusCloud/models/plugin_translate.py: 0
[2013-02-06 18:33:21] EDIT CygnusCloud/views/layout.html: 2
[2013-02-06 18:37:02] EDIT CygnusCloud/views/layout.html: 0
[2013-02-06 18:39:28] EDIT CygnusCloud/views/layout.html: 0
[2013-02-06 18:41:08] EDIT CygnusCloud/views/layout.html: 0
[2013-02-06 18:41:52] EDIT CygnusCloud/views/layout.html: 0
[2013-02-06 18:42:15] EDIT CygnusCloud/views/layout.html: 0
[2013-02-06 18:49:19] EDIT CygnusCloud/views/layout.html: -1
[2013-02-06 18:49:46] EDIT CygnusCloud/views/layout.html: 0
[2013-02-06 18:51:12] EDIT CygnusCloud/views/layout.html: 0
[2013-02-06 18:53:37] EDIT CygnusCloud/views/layout.html: 2
[2013-02-06 18:53:52] EDIT CygnusCloud/views/layout.html: 0
[2013-02-06 18:54:11] EDIT CygnusCloud/views/layout.html: 0
[2013-02-06 18:54:51] EDIT CygnusCloud/views/layout.html: 0
[2013-02-06 18:59:55] EDIT CygnusCloud/controllers/main.py: 1
[2013-02-06 19:00:18] EDIT CygnusCloud/controllers/main.py: 0
[2013-02-06 19:00:23] EDIT CygnusCloud/controllers/main.py: 0
[2013-02-06 19:07:24] EDIT CygnusCloud/controllers/main.py: 0
[2013-02-06 19:07:42] EDIT CygnusCloud/controllers/main.py: 0
[2013-02-06 19:08:11] EDIT CygnusCloud/controllers/main.py: 0
[2013-02-06 19:08:29] EDIT CygnusCloud/controllers/main.py: 0
[2013-02-06 19:09:22] EDIT CygnusCloud/controllers/main.py: 2
[2013-02-06 19:09:32] EDIT CygnusCloud/controllers/main.py: 0
[2013-02-06 19:09:52] EDIT CygnusCloud/controllers/main.py: 0
[2013-02-06 19:10:16] EDIT CygnusCloud/controllers/main.py: 0
[2013-02-06 19:10:53] EDIT CygnusCloud/controllers/main.py: 0
[2013-02-06 19:36:42] EDIT CygnusCloud/controllers/main.py: 0
[2013-02-06 19:36:57] EDIT CygnusCloud/controllers/main.py: 0
[2013-02-06 19:46:40] EDIT CygnusCloud/controllers/main.py: 0
[2013-02-06 19:50:31] EDIT CygnusCloud/views/layout.html: 1
[2013-02-06 19:54:11] EDIT CygnusCloud/views/layout.html: 0
[2013-02-06 19:54:43] EDIT CygnusCloud/views/layout.html: 0
[2013-02-06 20:02:19] EDIT CygnusCloud/views/layout.html: 0
[2013-02-06 20:05:19] EDIT CygnusCloud/views/layout.html: 0
[2013-02-06 20:05:42] EDIT CygnusCloud/views/layout.html: 0
[2013-02-06 20:06:56] EDIT CygnusCloud/views/layout.html: 0
[2013-02-06 20:07:17] EDIT CygnusCloud/views/layout.html: 0
[2013-02-06 20:07:36] EDIT CygnusCloud/views/layout.html: 0
[2013-02-06 20:07:44] EDIT CygnusCloud/views/layout.html: 0
[2013-02-06 20:07:51] EDIT CygnusCloud/views/layout.html: 0
[2013-02-06 20:08:14] EDIT CygnusCloud/views/layout.html: 0
[2013-02-06 20:09:03] EDIT CygnusCloud/views/layout.html: 0
[2013-02-06 20:09:24] EDIT CygnusCloud/views/layout.html: 0
[2013-02-06 20:09:34] EDIT CygnusCloud/views/layout.html: 0
[2013-02-06 20:09:54] EDIT CygnusCloud/views/layout.html: 0
[2013-02-06 20:10:19] EDIT CygnusCloud/views/layout.html: 0
[2013-02-06 20:12:07] EDIT CygnusCloud/controllers/main.py: 0
[2013-02-06 20:12:40] EDIT CygnusCloud/controllers/main.py: 0
[2013-02-06 20:13:03] EDIT CygnusCloud/controllers/main.py: 0
[2013-02-06 20:14:57] EDIT CygnusCloud/views/layout.html: 1
[2013-02-06 20:15:49] EDIT CygnusCloud/controllers/main.py: -1
[2013-02-06 20:16:21] EDIT CygnusCloud/views/layout.html: 0
[2013-02-06 20:17:10] CREATE student/runVM.html: 0
[2013-02-06 20:17:20] EDIT CygnusCloud/views/student/runVM.html: 0
[2013-02-06 20:18:10] EDIT CygnusCloud/controllers/student.py: 1
[2013-02-06 20:18:34] EDIT CygnusCloud/views/student/runVM.html: -1
[2013-02-06 20:19:33] EDIT CygnusCloud/views/layout.html: 0
[2013-02-06 20:21:37] EDIT CygnusCloud/views/layout.html: -1
[2013-02-06 20:21:53] EDIT CygnusCloud/controllers/main.py: 0
[2013-02-06 20:36:07] EDIT CygnusCloud/controllers/main.py: 1
[2013-02-06 20:41:14] EDIT CygnusCloud/controllers/main.py: 1
[2013-02-06 20:41:58] EDIT CygnusCloud/controllers/main.py: 0
[2013-02-06 20:42:18] EDIT CygnusCloud/controllers/main.py: 0
[2013-02-06 20:43:00] EDIT CygnusCloud/controllers/main.py: 0
[2013-02-06 20:43:39] EDIT CygnusCloud/controllers/main.py: 0
[2013-02-06 20:44:03] EDIT CygnusCloud/controllers/main.py: 0
[2013-02-06 20:44:30] EDIT CygnusCloud/controllers/main.py: 0
[2013-02-06 20:45:19] EDIT CygnusCloud/controllers/main.py: 0
[2013-02-06 20:46:30] EDIT CygnusCloud/controllers/main.py: 0
[2013-02-06 20:47:02] EDIT CygnusCloud/controllers/main.py: 0
[2013-02-06 20:47:31] EDIT CygnusCloud/controllers/main.py: 0
[2013-02-06 21:06:38] CREATE mainConector.py: 0
[2013-02-06 21:06:49] DELETE CygnusCloud/modules/mainConector.py: -1
[2013-02-06 21:17:49] CREATE mainConnector/.py: 0
[2013-02-06 21:25:51] UPLOAD /home/adrian/web2py/applications/CygnusCloud/modules/databaseUpdateThread.py: 19
[2013-02-06 21:26:10] UPLOAD /home/adrian/web2py/applications/CygnusCloud/modules/mainServerConnector.py: 138
[2013-02-06 21:26:25] EDIT CygnusCloud/modules/mainServerConnector.py: -1
[2013-02-06 21:31:23] CREATE mainConector/.py: 0
[2013-02-06 21:33:38] UPLOAD /home/adrian/web2py/applications/CygnusCloud/modules/packets.py: 160
[2013-02-06 21:39:24] EDIT CygnusCloud/modules/mainServerConnector.py: 0
[2013-02-06 21:39:46] DELETE CygnusCloud/modules/mainServerConnector.py: -137
[2013-02-06 21:39:50] DELETE CygnusCloud/modules/packets.py: -160
[2013-02-06 23:43:59] CREATE administrator.py: 0
[2013-02-06 23:47:27] EDIT CygnusCloud/controllers/administrator.py: 2
[2013-02-07 00:14:43] EDIT CygnusCloud/controllers/administrator.py: 3
[2013-02-07 00:29:26] EDIT CygnusCloud/controllers/administrator.py: 5
[2013-02-07 00:29:47] EDIT CygnusCloud/controllers/administrator.py: 1
[2013-02-07 00:31:16] CREATE administrator/servers/add_remove_servers.html: 0
[2013-02-07 00:31:37] EDIT CygnusCloud/views/administrator/servers/add_remove_servers.html: 1
[2013-02-07 00:32:03] EDIT CygnusCloud/views/administrator/servers/add_remove_servers.html: 0
[2013-02-07 00:32:44] EDIT CygnusCloud/controllers/administrator.py: 0
[2013-02-07 00:32:56] EDIT CygnusCloud/controllers/administrator.py: 0
[2013-02-07 00:34:32] EDIT CygnusCloud/controllers/administrator.py: 1
[2013-02-07 00:34:36] EDIT CygnusCloud/controllers/administrator.py: 0
[2013-02-07 00:34:55] DELETE CygnusCloud/views/administrator/servers/add_remove_servers.html: -4
[2013-02-07 00:35:13] CREATE administrator/servers.html: 0
[2013-02-07 00:36:02] EDIT CygnusCloud/views/administrator/servers.html: 4
[2013-02-07 00:36:39] CREATE administrator/runVM.html: 0
[2013-02-07 00:36:48] EDIT CygnusCloud/views/administrator/runVM.html: 0
[2013-02-07 00:39:53] EDIT CygnusCloud/controllers/main.py: 2
[2013-02-07 00:41:49] EDIT CygnusCloud/controllers/main.py: 0
[2013-02-07 00:47:40] EDIT CygnusCloud/controllers/administrator.py: 0
[2013-02-07 00:47:50] EDIT CygnusCloud/controllers/administrator.py: 0
[2013-02-07 00:48:15] EDIT CygnusCloud/controllers/administrator.py: 0
[2013-02-07 00:48:18] EDIT CygnusCloud/controllers/administrator.py: 0
[2013-02-07 00:48:40] EDIT CygnusCloud/controllers/administrator.py: 0
[2013-02-07 00:49:08] EDIT CygnusCloud/controllers/administrator.py: 0
[2013-02-07 00:49:34] EDIT CygnusCloud/controllers/administrator.py: -1
[2013-02-07 00:50:05] EDIT CygnusCloud/controllers/administrator.py: 1
[2013-02-07 00:50:20] EDIT CygnusCloud/controllers/administrator.py: 2
[2013-02-07 00:52:29] EDIT CygnusCloud/controllers/administrator.py: 0
[2013-02-07 00:52:36] EDIT CygnusCloud/controllers/administrator.py: 0
[2013-02-07 00:53:28] EDIT CygnusCloud/controllers/administrator.py: 0
[2013-02-07 00:54:13] EDIT CygnusCloud/controllers/administrator.py: 0
[2013-02-07 00:55:34] EDIT CygnusCloud/controllers/administrator.py: 0
[2013-02-07 00:56:09] EDIT CygnusCloud/controllers/administrator.py: 0
[2013-02-07 00:56:43] EDIT CygnusCloud/views/administrator/servers.html: 0
[2013-02-07 01:00:56] EDIT CygnusCloud/views/administrator/servers.html: 0
[2013-02-07 01:01:34] EDIT CygnusCloud/views/administrator/servers.html: 0
[2013-02-07 01:02:35] EDIT CygnusCloud/views/administrator/servers.html: 0
[2013-02-07 01:03:50] EDIT CygnusCloud/views/administrator/servers.html: -1
[2013-02-07 01:08:29] EDIT CygnusCloud/controllers/administrator.py: 0
[2013-02-07 01:10:01] EDIT CygnusCloud/controllers/administrator.py: 0
[2013-02-07 01:10:19] EDIT CygnusCloud/controllers/administrator.py: 0
[2013-02-07 01:10:44] EDIT CygnusCloud/views/administrator/servers.html: 0
[2013-02-07 01:10:58] EDIT CygnusCloud/controllers/administrator.py: 0
[2013-02-07 01:12:31] EDIT CygnusCloud/controllers/administrator.py: 0
[2013-02-07 01:17:56] EDIT CygnusCloud/controllers/administrator.py: 0
